[debug] [2017-11-17T17:04:19.202Z] ----------------------------------------------------------------------
[debug] [2017-11-17T17:04:19.210Z] Command:       /usr/local/bin/node /usr/local/bin/firebase deploy
[debug] [2017-11-17T17:04:19.210Z] CLI Version:   3.15.0
[debug] [2017-11-17T17:04:19.210Z] Platform:      darwin
[debug] [2017-11-17T17:04:19.210Z] Node Version:  v8.4.0
[debug] [2017-11-17T17:04:19.211Z] Time:          Fri Nov 17 2017 18:04:19 GMT+0100 (CET)
[debug] [2017-11-17T17:04:19.211Z] ----------------------------------------------------------------------
[debug] 
[debug] [2017-11-17T17:04:19.235Z] > command requires scopes: ["email","openid","https://www.googleapis.com/auth/cloudplatformprojects.readonly","https://www.googleapis.com/auth/firebase","https://www.googleapis.com/auth/cloud-platform"]
[debug] [2017-11-17T17:04:19.235Z] > authorizing via signed-in user
[debug] [2017-11-17T17:04:19.239Z] > refreshing access token with scopes: ["email","https://www.googleapis.com/auth/cloud-platform","https://www.googleapis.com/auth/cloudplatformprojects.readonly","https://www.googleapis.com/auth/firebase","openid"]
[debug] [2017-11-17T17:04:19.239Z] >>> HTTP REQUEST POST https://www.googleapis.com/oauth2/v3/token { refresh_token: '1/sdvKICNJm0C4o3NFQ07h6snz-ZSQSKDltvYfYIBvu-M',
  client_id: '563584335869-fgrhgmd47bqnekij5i8b5pr03ho849e6.apps.googleusercontent.com',
  client_secret: 'j9iVZfS8kkCEFUPaAeJV0sAi',
  grant_type: 'refresh_token',
  scope: 'email https://www.googleapis.com/auth/cloud-platform https://www.googleapis.com/auth/cloudplatformprojects.readonly https://www.googleapis.com/auth/firebase openid' } 
 Fri Nov 17 2017 18:04:19 GMT+0100 (CET)
[debug] [2017-11-17T17:04:19.571Z] <<< HTTP RESPONSE 200
[debug] [2017-11-17T17:04:19.582Z] >>> HTTP REQUEST GET https://admin.firebase.com/v1/projects/dailyui-wr  
 Fri Nov 17 2017 18:04:19 GMT+0100 (CET)
[debug] [2017-11-17T17:04:21.936Z] <<< HTTP RESPONSE 200
[debug] [2017-11-17T17:04:21.937Z] >>> HTTP REQUEST GET https://admin.firebase.com/v1/database/dailyui-wr/tokens  
 Fri Nov 17 2017 18:04:21 GMT+0100 (CET)
[debug] [2017-11-17T17:04:22.727Z] <<< HTTP RESPONSE 200
[info] 
[info] === Deploying to 'dailyui-wr'...
[info] 
[info] i  deploying hosting
[info] i  hosting: preparing build directory for upload...
[debug] [2017-11-17T17:04:27.438Z] >>> HTTP REQUEST PUT https://deploy.firebase.com/v1/hosting/dailyui-wr/uploads/-Kz9w3PZljLY6VRJZqLk?fileCount=440&message=  
 Fri Nov 17 2017 18:04:27 GMT+0100 (CET)
[debug] [2017-11-17T17:07:55.705Z] ----------------------------------------------------------------------
[debug] [2017-11-17T17:07:55.707Z] Command:       /usr/local/bin/node /usr/local/bin/firebase deploy
[debug] [2017-11-17T17:07:55.707Z] CLI Version:   3.15.0
[debug] [2017-11-17T17:07:55.707Z] Platform:      darwin
[debug] [2017-11-17T17:07:55.707Z] Node Version:  v8.4.0
[debug] [2017-11-17T17:07:55.708Z] Time:          Fri Nov 17 2017 18:07:55 GMT+0100 (CET)
[debug] [2017-11-17T17:07:55.709Z] ----------------------------------------------------------------------
[debug] 
[debug] [2017-11-17T17:07:55.727Z] > command requires scopes: ["email","openid","https://www.googleapis.com/auth/cloudplatformprojects.readonly","https://www.googleapis.com/auth/firebase","https://www.googleapis.com/auth/cloud-platform"]
[debug] [2017-11-17T17:07:55.727Z] > authorizing via signed-in user
[debug] [2017-11-17T17:07:55.730Z] >>> HTTP REQUEST GET https://admin.firebase.com/v1/projects/dailyui-wr  
 Fri Nov 17 2017 18:07:55 GMT+0100 (CET)
[debug] [2017-11-17T17:07:56.592Z] <<< HTTP RESPONSE 200
[debug] [2017-11-17T17:07:56.593Z] >>> HTTP REQUEST GET https://admin.firebase.com/v1/database/dailyui-wr/tokens  
 Fri Nov 17 2017 18:07:56 GMT+0100 (CET)
[debug] [2017-11-17T17:07:57.353Z] <<< HTTP RESPONSE 200
[info] 
[info] === Deploying to 'dailyui-wr'...
[info] 
[info] i  deploying hosting
[info] i  hosting: preparing build directory for upload...
[debug] [2017-11-17T17:08:01.622Z] >>> HTTP REQUEST PUT https://deploy.firebase.com/v1/hosting/dailyui-wr/uploads/-Kz9wsv21dvP2qqA09oN?fileCount=440&message=  
 Fri Nov 17 2017 18:08:01 GMT+0100 (CET)
[debug] [2017-11-17T17:10:06.349Z] ----------------------------------------------------------------------
[debug] [2017-11-17T17:10:06.353Z] Command:       /usr/local/bin/node /usr/local/bin/firebase deploy
[debug] [2017-11-17T17:10:06.353Z] CLI Version:   3.15.2
[debug] [2017-11-17T17:10:06.353Z] Platform:      darwin
[debug] [2017-11-17T17:10:06.353Z] Node Version:  v8.4.0
[debug] [2017-11-17T17:10:06.354Z] Time:          Fri Nov 17 2017 18:10:06 GMT+0100 (CET)
[debug] [2017-11-17T17:10:06.354Z] ----------------------------------------------------------------------
[debug] 
[debug] [2017-11-17T17:10:06.372Z] > command requires scopes: ["email","openid","https://www.googleapis.com/auth/cloudplatformprojects.readonly","https://www.googleapis.com/auth/firebase","https://www.googleapis.com/auth/cloud-platform"]
[debug] [2017-11-17T17:10:06.372Z] > authorizing via signed-in user
[debug] [2017-11-17T17:10:06.375Z] >>> HTTP REQUEST GET https://admin.firebase.com/v1/projects/dailyui-wr  
 Fri Nov 17 2017 18:10:06 GMT+0100 (CET)
[debug] [2017-11-17T17:10:07.155Z] <<< HTTP RESPONSE 200
[debug] [2017-11-17T17:10:07.156Z] >>> HTTP REQUEST GET https://admin.firebase.com/v1/database/dailyui-wr/tokens  
 Fri Nov 17 2017 18:10:07 GMT+0100 (CET)
[debug] [2017-11-17T17:10:07.859Z] <<< HTTP RESPONSE 200
[info] 
[info] === Deploying to 'dailyui-wr'...
[info] 
[info] i  deploying hosting
[info] i  hosting: preparing build directory for upload...
[debug] [2017-11-17T17:10:10.767Z] >>> HTTP REQUEST PUT https://deploy.firebase.com/v1/hosting/dailyui-wr/uploads/-Kz9xNSaHWSdRqrt72Rg?fileCount=440&message=  
 Fri Nov 17 2017 18:10:10 GMT+0100 (CET)
[debug] [2017-11-17T17:44:07.341Z] ----------------------------------------------------------------------
[debug] [2017-11-17T17:44:07.346Z] Command:       /usr/local/bin/node /usr/local/bin/firebase deploy
[debug] [2017-11-17T17:44:07.346Z] CLI Version:   3.15.2
[debug] [2017-11-17T17:44:07.346Z] Platform:      darwin
[debug] [2017-11-17T17:44:07.346Z] Node Version:  v8.4.0
[debug] [2017-11-17T17:44:07.347Z] Time:          Fri Nov 17 2017 18:44:07 GMT+0100 (CET)
[debug] [2017-11-17T17:44:07.347Z] ----------------------------------------------------------------------
[debug] 
[debug] [2017-11-17T17:44:07.369Z] > command requires scopes: ["email","openid","https://www.googleapis.com/auth/cloudplatformprojects.readonly","https://www.googleapis.com/auth/firebase","https://www.googleapis.com/auth/cloud-platform"]
[debug] [2017-11-17T17:44:07.369Z] > authorizing via signed-in user
[debug] [2017-11-17T17:44:07.372Z] >>> HTTP REQUEST GET https://admin.firebase.com/v1/projects/dailyui-wr  
 Fri Nov 17 2017 18:44:07 GMT+0100 (CET)
[debug] [2017-11-17T17:44:16.041Z] <<< HTTP RESPONSE 200
[debug] [2017-11-17T17:44:16.045Z] >>> HTTP REQUEST GET https://admin.firebase.com/v1/database/dailyui-wr/tokens  
 Fri Nov 17 2017 18:44:16 GMT+0100 (CET)
[debug] [2017-11-17T17:44:18.637Z] <<< HTTP RESPONSE 200
[info] 
[info] === Deploying to 'dailyui-wr'...
[info] 
[info] i  deploying hosting
[info] i  hosting: preparing build directory for upload...
[debug] [2017-11-17T17:44:30.461Z] >>> HTTP REQUEST PUT https://deploy.firebase.com/v1/hosting/dailyui-wr/uploads/-KzA4EOVCmb0u-4p3oAo?fileCount=440&message=  
 Fri Nov 17 2017 18:44:30 GMT+0100 (CET)
[debug] [2017-11-17T17:45:24.673Z] ----------------------------------------------------------------------
[debug] [2017-11-17T17:45:24.676Z] Command:       /usr/local/bin/node /usr/local/bin/firebase deploy
[debug] [2017-11-17T17:45:24.676Z] CLI Version:   3.15.2
[debug] [2017-11-17T17:45:24.676Z] Platform:      darwin
[debug] [2017-11-17T17:45:24.676Z] Node Version:  v8.4.0
[debug] [2017-11-17T17:45:24.677Z] Time:          Fri Nov 17 2017 18:45:24 GMT+0100 (CET)
[debug] [2017-11-17T17:45:24.677Z] ----------------------------------------------------------------------
[debug] 
[debug] [2017-11-17T17:45:24.694Z] > command requires scopes: ["email","openid","https://www.googleapis.com/auth/cloudplatformprojects.readonly","https://www.googleapis.com/auth/firebase","https://www.googleapis.com/auth/cloud-platform"]
[debug] [2017-11-17T17:45:24.694Z] > authorizing via signed-in user
[debug] [2017-11-17T17:45:24.697Z] >>> HTTP REQUEST GET https://admin.firebase.com/v1/projects/dailyui-wr  
 Fri Nov 17 2017 18:45:24 GMT+0100 (CET)
[debug] [2017-11-17T17:45:25.468Z] <<< HTTP RESPONSE 200
[debug] [2017-11-17T17:45:25.469Z] >>> HTTP REQUEST GET https://admin.firebase.com/v1/database/dailyui-wr/tokens  
 Fri Nov 17 2017 18:45:25 GMT+0100 (CET)
[debug] [2017-11-17T17:45:26.748Z] <<< HTTP RESPONSE 200
[info] 
[info] === Deploying to 'dailyui-wr'...
[info] 
[info] i  deploying hosting
[info] i  hosting: preparing build directory for upload...
[debug] [2017-11-17T17:45:29.289Z] >>> HTTP REQUEST PUT https://deploy.firebase.com/v1/hosting/dailyui-wr/uploads/-KzA4SnWEq9ISdHSH_g1?fileCount=440&message=  
 Fri Nov 17 2017 18:45:29 GMT+0100 (CET)
[debug] [2017-11-17T19:47:41.326Z] Error: write EPIPE
    at _errnoException (util.js:1041:11)
    at WriteWrap.afterWrite [as oncomplete] (net.js:858:14)
[error] 
[error] Error: Server Error. write EPIPE
[debug] [2017-11-17T19:48:04.529Z] ----------------------------------------------------------------------
[debug] [2017-11-17T19:48:04.532Z] Command:       /usr/local/bin/node /usr/local/bin/firebase deploy
[debug] [2017-11-17T19:48:04.533Z] CLI Version:   3.15.2
[debug] [2017-11-17T19:48:04.533Z] Platform:      darwin
[debug] [2017-11-17T19:48:04.533Z] Node Version:  v8.4.0
[debug] [2017-11-17T19:48:04.534Z] Time:          Fri Nov 17 2017 20:48:04 GMT+0100 (CET)
[debug] [2017-11-17T19:48:04.534Z] ----------------------------------------------------------------------
[debug] 
[debug] [2017-11-17T19:48:04.551Z] > command requires scopes: ["email","openid","https://www.googleapis.com/auth/cloudplatformprojects.readonly","https://www.googleapis.com/auth/firebase","https://www.googleapis.com/auth/cloud-platform"]
[debug] [2017-11-17T19:48:04.552Z] > authorizing via signed-in user
[debug] [2017-11-17T19:48:04.554Z] > refreshing access token with scopes: ["email","https://www.googleapis.com/auth/cloud-platform","https://www.googleapis.com/auth/cloudplatformprojects.readonly","https://www.googleapis.com/auth/firebase","openid"]
[debug] [2017-11-17T19:48:04.555Z] >>> HTTP REQUEST POST https://www.googleapis.com/oauth2/v3/token { refresh_token: '1/sdvKICNJm0C4o3NFQ07h6snz-ZSQSKDltvYfYIBvu-M',
  client_id: '563584335869-fgrhgmd47bqnekij5i8b5pr03ho849e6.apps.googleusercontent.com',
  client_secret: 'j9iVZfS8kkCEFUPaAeJV0sAi',
  grant_type: 'refresh_token',
  scope: 'email https://www.googleapis.com/auth/cloud-platform https://www.googleapis.com/auth/cloudplatformprojects.readonly https://www.googleapis.com/auth/firebase openid' } 
 Fri Nov 17 2017 20:48:04 GMT+0100 (CET)
[debug] [2017-11-17T19:48:05.026Z] <<< HTTP RESPONSE 200
[debug] [2017-11-17T19:48:05.048Z] >>> HTTP REQUEST GET https://admin.firebase.com/v1/projects/dailyui-wr  
 Fri Nov 17 2017 20:48:05 GMT+0100 (CET)
[debug] [2017-11-17T19:48:05.826Z] <<< HTTP RESPONSE 200
[debug] [2017-11-17T19:48:05.827Z] >>> HTTP REQUEST GET https://admin.firebase.com/v1/database/dailyui-wr/tokens  
 Fri Nov 17 2017 20:48:05 GMT+0100 (CET)
[debug] [2017-11-17T19:48:06.489Z] <<< HTTP RESPONSE 200
[info] 
[info] === Deploying to 'dailyui-wr'...
[info] 
[info] i  deploying hosting
[info] i  hosting: preparing build directory for upload...
[debug] [2017-11-17T19:48:10.575Z] >>> HTTP REQUEST PUT https://deploy.firebase.com/v1/hosting/dailyui-wr/uploads/-KzAWXpff2P_ZDvBUQS1?fileCount=440&message=  
 Fri Nov 17 2017 20:48:10 GMT+0100 (CET)
